 TIME KPER KSTP NULL ETww ETa NULL
    0.1000000000E+01         1         1         0    0.0000000000E+00    0.0000000000E+00    0.0000000000E+00
    0.2000000000E+01         2         1         0    0.0000000000E+00    0.0000000000E+00    0.0000000000E+00
    0.3000000000E+01         2         2         0    0.0000000000E+00    0.0000000000E+00    0.0000000000E+00
    0.4000000000E+01         2         3         0    0.0000000000E+00    0.0000000000E+00    0.0000000000E+00
    0.5000000000E+01         2         4         0    0.0000000000E+00    0.0000000000E+00    0.0000000000E+00
    0.6000000000E+01         2         5         0    0.0000000000E+00    0.0000000000E+00    0.0000000000E+00
    0.7000000000E+01         2         6         0    0.0000000000E+00    0.0000000000E+00    0.0000000000E+00
    0.8000000000E+01         2         7         0    0.0000000000E+00    0.0000000000E+00    0.0000000000E+00
    0.9000000000E+01         2         8         0    0.0000000000E+00    0.0000000000E+00    0.0000000000E+00
    0.1000000000E+02         2         9         0    0.0000000000E+00    0.0000000000E+00    0.0000000000E+00
    0.1100000000E+02         2        10         0    0.0000000000E+00    0.0000000000E+00    0.0000000000E+00
    0.1200000000E+02         2        11         0    0.0000000000E+00    0.0000000000E+00    0.0000000000E+00
    0.1300000000E+02         2        12         0    0.0000000000E+00    0.0000000000E+00    0.0000000000E+00
    0.1400000000E+02         2        13         0    0.0000000000E+00    0.0000000000E+00    0.0000000000E+00
    0.1500000000E+02         2        14         0    0.0000000000E+00    0.0000000000E+00    0.0000000000E+00
    0.1600000000E+02         2        15         0    0.0000000000E+00    0.0000000000E+00    0.0000000000E+00
    0.1700000000E+02         2        16         0    0.0000000000E+00    0.0000000000E+00    0.0000000000E+00
    0.1800000000E+02         2        17         0    0.0000000000E+00    0.0000000000E+00    0.0000000000E+00
    0.1900000000E+02         2        18         0    0.0000000000E+00    0.0000000000E+00    0.0000000000E+00
    0.2000000000E+02         2        19         0    0.0000000000E+00    0.0000000000E+00    0.0000000000E+00
    0.2100000000E+02         2        20         0    0.0000000000E+00    0.0000000000E+00    0.0000000000E+00
    0.2200000000E+02         2        21         0    0.0000000000E+00    0.0000000000E+00    0.0000000000E+00
    0.2300000000E+02         2        22         0    0.0000000000E+00    0.0000000000E+00    0.0000000000E+00
    0.2400000000E+02         2        23         0    0.0000000000E+00    0.0000000000E+00    0.0000000000E+00
    0.2500000000E+02         2        24         0    0.0000000000E+00    0.0000000000E+00    0.0000000000E+00
    0.2600000000E+02         2        25         0    0.0000000000E+00    0.0000000000E+00    0.0000000000E+00
    0.2700000000E+02         2        26         0    0.0000000000E+00    0.0000000000E+00    0.0000000000E+00
    0.2800000000E+02         2        27         0    0.0000000000E+00    0.0000000000E+00    0.0000000000E+00
    0.2900000000E+02         2        28         0    0.0000000000E+00    0.0000000000E+00    0.0000000000E+00
    0.3000000000E+02         2        29         0    0.0000000000E+00    0.0000000000E+00    0.0000000000E+00
    0.3100000000E+02         2        30         0    0.0000000000E+00    0.0000000000E+00    0.0000000000E+00
    0.3200000000E+02         2        31         0    0.0000000000E+00    0.0000000000E+00    0.0000000000E+00
    0.3300000000E+02         3         1         0    0.0000000000E+00    0.0000000000E+00    0.0000000000E+00
    0.3400000000E+02         3         2         0    0.0000000000E+00    0.0000000000E+00    0.0000000000E+00
    0.3500000000E+02         3         3         0    0.0000000000E+00    0.0000000000E+00    0.0000000000E+00
    0.3600000000E+02         3         4         0    0.0000000000E+00    0.0000000000E+00    0.0000000000E+00
    0.3700000000E+02         3         5         0    0.0000000000E+00    0.0000000000E+00    0.0000000000E+00
    0.3800000000E+02         3         6         0    0.0000000000E+00    0.0000000000E+00    0.0000000000E+00
    0.3900000000E+02         3         7         0    0.0000000000E+00    0.0000000000E+00    0.0000000000E+00
    0.4000000000E+02         3         8         0    0.0000000000E+00    0.0000000000E+00    0.0000000000E+00
    0.4100000000E+02         3         9         0    0.0000000000E+00    0.0000000000E+00    0.0000000000E+00
    0.4200000000E+02         3        10         0    0.0000000000E+00    0.0000000000E+00    0.0000000000E+00
    0.4300000000E+02         3        11         0    0.0000000000E+00    0.0000000000E+00    0.0000000000E+00
    0.4400000000E+02         3        12         0    0.0000000000E+00    0.0000000000E+00    0.0000000000E+00
    0.4500000000E+02         3        13         0    0.0000000000E+00    0.0000000000E+00    0.0000000000E+00
    0.4600000000E+02         3        14         0    0.0000000000E+00    0.0000000000E+00    0.0000000000E+00
    0.4700000000E+02         3        15         0    0.0000000000E+00    0.0000000000E+00    0.0000000000E+00
    0.4800000000E+02         3        16         0    0.0000000000E+00    0.0000000000E+00    0.0000000000E+00
    0.4900000000E+02         3        17         0    0.0000000000E+00    0.0000000000E+00    0.0000000000E+00
    0.5000000000E+02         3        18         0    0.0000000000E+00    0.0000000000E+00    0.0000000000E+00
    0.5100000000E+02         3        19         0    0.0000000000E+00    0.0000000000E+00    0.0000000000E+00
    0.5200000000E+02         3        20         0    0.0000000000E+00    0.0000000000E+00    0.0000000000E+00
    0.5300000000E+02         3        21         0    0.0000000000E+00    0.0000000000E+00    0.0000000000E+00
    0.5400000000E+02         3        22         0    0.0000000000E+00    0.0000000000E+00    0.0000000000E+00
    0.5500000000E+02         3        23         0    0.0000000000E+00    0.0000000000E+00    0.0000000000E+00
    0.5600000000E+02         3        24         0    0.0000000000E+00    0.0000000000E+00    0.0000000000E+00
    0.5700000000E+02         3        25         0    0.0000000000E+00    0.0000000000E+00    0.0000000000E+00
    0.5800000000E+02         3        26         0    0.0000000000E+00    0.0000000000E+00    0.0000000000E+00
    0.5900000000E+02         3        27         0    0.0000000000E+00    0.0000000000E+00    0.0000000000E+00
    0.6000000000E+02         3        28         0    0.0000000000E+00    0.0000000000E+00    0.0000000000E+00
    0.6100000000E+02         3        29         0    0.0000000000E+00    0.0000000000E+00    0.0000000000E+00
    0.6200000000E+02         3        30         0    0.0000000000E+00    0.0000000000E+00    0.0000000000E+00
    0.6300000000E+02         4         1         0    0.0000000000E+00    0.0000000000E+00    0.0000000000E+00
    0.6400000000E+02         4         2         0    0.0000000000E+00    0.0000000000E+00    0.0000000000E+00
    0.6500000000E+02         4         3         0    0.0000000000E+00    0.0000000000E+00    0.0000000000E+00
    0.6600000000E+02         4         4         0    0.0000000000E+00    0.0000000000E+00    0.0000000000E+00
    0.6700000000E+02         4         5         0    0.0000000000E+00    0.0000000000E+00    0.0000000000E+00
    0.6800000000E+02         4         6         0    0.0000000000E+00    0.0000000000E+00    0.0000000000E+00
    0.6900000000E+02         4         7         0    0.0000000000E+00    0.0000000000E+00    0.0000000000E+00
    0.7000000000E+02         4         8         0    0.0000000000E+00    0.0000000000E+00    0.0000000000E+00
    0.7100000000E+02         4         9         0    0.0000000000E+00    0.0000000000E+00    0.0000000000E+00
    0.7200000000E+02         4        10         0    0.0000000000E+00    0.0000000000E+00    0.0000000000E+00
    0.7300000000E+02         4        11         0    0.0000000000E+00    0.0000000000E+00    0.0000000000E+00
    0.7400000000E+02         4        12         0    0.0000000000E+00    0.0000000000E+00    0.0000000000E+00
    0.7500000000E+02         4        13         0    0.0000000000E+00    0.0000000000E+00    0.0000000000E+00
    0.7600000000E+02         4        14         0    0.0000000000E+00    0.0000000000E+00    0.0000000000E+00
    0.7700000000E+02         4        15         0    0.0000000000E+00    0.0000000000E+00    0.0000000000E+00
    0.7800000000E+02         4        16         0    0.0000000000E+00    0.0000000000E+00    0.0000000000E+00
    0.7900000000E+02         4        17         0    0.0000000000E+00    0.0000000000E+00    0.0000000000E+00
    0.8000000000E+02         4        18         0    0.0000000000E+00    0.0000000000E+00    0.0000000000E+00
    0.8100000000E+02         4        19         0    0.0000000000E+00    0.0000000000E+00    0.0000000000E+00
    0.8200000000E+02         4        20         0    0.0000000000E+00    0.0000000000E+00    0.0000000000E+00
    0.8300000000E+02         4        21         0    0.0000000000E+00    0.0000000000E+00    0.0000000000E+00
    0.8400000000E+02         4        22         0    0.0000000000E+00    0.0000000000E+00    0.0000000000E+00
    0.8500000000E+02         4        23         0    0.0000000000E+00    0.0000000000E+00    0.0000000000E+00
    0.8600000000E+02         4        24         0    0.0000000000E+00    0.0000000000E+00    0.0000000000E+00
    0.8700000000E+02         4        25         0    0.0000000000E+00    0.0000000000E+00    0.0000000000E+00
    0.8800000000E+02         4        26         0    0.0000000000E+00    0.0000000000E+00    0.0000000000E+00
    0.8900000000E+02         4        27         0    0.0000000000E+00    0.0000000000E+00    0.0000000000E+00
    0.9000000000E+02         4        28         0    0.0000000000E+00    0.0000000000E+00    0.0000000000E+00
    0.9100000000E+02         4        29         0    0.0000000000E+00    0.0000000000E+00    0.0000000000E+00
    0.9200000000E+02         4        30         0    0.0000000000E+00    0.0000000000E+00    0.0000000000E+00
    0.9300000000E+02         4        31         0    0.0000000000E+00    0.0000000000E+00    0.0000000000E+00
    0.9400000000E+02         5         1         0    0.0000000000E+00    0.0000000000E+00    0.0000000000E+00
    0.9500000000E+02         5         2         0    0.0000000000E+00    0.0000000000E+00    0.0000000000E+00
    0.9600000000E+02         5         3         0    0.0000000000E+00    0.0000000000E+00    0.0000000000E+00
    0.9700000000E+02         5         4         0    0.0000000000E+00    0.0000000000E+00    0.0000000000E+00
    0.9800000000E+02         5         5         0    0.0000000000E+00    0.0000000000E+00    0.0000000000E+00
    0.9900000000E+02         5         6         0    0.0000000000E+00    0.0000000000E+00    0.0000000000E+00
    0.1000000000E+03         5         7         0    0.0000000000E+00    0.0000000000E+00    0.0000000000E+00
    0.1010000000E+03         5         8         0    0.0000000000E+00    0.0000000000E+00    0.0000000000E+00
    0.1020000000E+03         5         9         0    0.0000000000E+00    0.0000000000E+00    0.0000000000E+00
    0.1030000000E+03         5        10         0    0.0000000000E+00    0.0000000000E+00    0.0000000000E+00
    0.1040000000E+03         5        11         0    0.0000000000E+00    0.0000000000E+00    0.0000000000E+00
    0.1050000000E+03         5        12         0    0.0000000000E+00    0.0000000000E+00    0.0000000000E+00
    0.1060000000E+03         5        13         0    0.0000000000E+00    0.0000000000E+00    0.0000000000E+00
    0.1070000000E+03         5        14         0    0.0000000000E+00    0.0000000000E+00    0.0000000000E+00
    0.1080000000E+03         5        15         0    0.0000000000E+00    0.0000000000E+00    0.0000000000E+00
    0.1090000000E+03         5        16         0    0.0000000000E+00    0.0000000000E+00    0.0000000000E+00
    0.1100000000E+03         5        17         0    0.0000000000E+00    0.0000000000E+00    0.0000000000E+00
    0.1110000000E+03         5        18         0    0.0000000000E+00    0.0000000000E+00    0.0000000000E+00
    0.1120000000E+03         5        19         0    0.0000000000E+00    0.0000000000E+00    0.0000000000E+00
    0.1130000000E+03         5        20         0    0.0000000000E+00    0.0000000000E+00    0.0000000000E+00
    0.1140000000E+03         5        21         0    0.0000000000E+00    0.0000000000E+00    0.0000000000E+00
    0.1150000000E+03         5        22         0    0.0000000000E+00    0.0000000000E+00    0.0000000000E+00
    0.1160000000E+03         5        23         0    0.0000000000E+00    0.0000000000E+00    0.0000000000E+00
    0.1170000000E+03         5        24         0    0.0000000000E+00    0.0000000000E+00    0.0000000000E+00
    0.1180000000E+03         5        25         0    0.0000000000E+00    0.0000000000E+00    0.0000000000E+00
    0.1190000000E+03         5        26         0    0.0000000000E+00    0.0000000000E+00    0.0000000000E+00
    0.1200000000E+03         5        27         0    0.0000000000E+00    0.0000000000E+00    0.0000000000E+00
    0.1210000000E+03         5        28         0    0.0000000000E+00    0.0000000000E+00    0.0000000000E+00
    0.1220000000E+03         5        29         0    0.0000000000E+00    0.0000000000E+00    0.0000000000E+00
    0.1230000000E+03         5        30         0    0.0000000000E+00    0.0000000000E+00    0.0000000000E+00
    0.1240000000E+03         5        31         0    0.0000000000E+00    0.0000000000E+00    0.0000000000E+00
    0.1250000000E+03         6         1         0    0.0000000000E+00    0.0000000000E+00    0.0000000000E+00
    0.1260000000E+03         6         2         0    0.0000000000E+00    0.0000000000E+00    0.0000000000E+00
    0.1270000000E+03         6         3         0    0.0000000000E+00    0.0000000000E+00    0.0000000000E+00
    0.1280000000E+03         6         4         0    0.0000000000E+00    0.0000000000E+00    0.0000000000E+00
    0.1290000000E+03         6         5         0    0.0000000000E+00    0.0000000000E+00    0.0000000000E+00
    0.1300000000E+03         6         6         0    0.0000000000E+00    0.0000000000E+00    0.0000000000E+00
    0.1310000000E+03         6         7         0    0.0000000000E+00    0.0000000000E+00    0.0000000000E+00
    0.1320000000E+03         6         8         0    0.0000000000E+00    0.0000000000E+00    0.0000000000E+00
    0.1330000000E+03         6         9         0    0.0000000000E+00    0.0000000000E+00    0.0000000000E+00
    0.1340000000E+03         6        10         0    0.0000000000E+00    0.0000000000E+00    0.0000000000E+00
    0.1350000000E+03         6        11         0    0.0000000000E+00    0.0000000000E+00    0.0000000000E+00
    0.1360000000E+03         6        12         0    0.0000000000E+00    0.0000000000E+00    0.0000000000E+00
    0.1370000000E+03         6        13         0    0.0000000000E+00    0.0000000000E+00    0.0000000000E+00
    0.1380000000E+03         6        14         0    0.0000000000E+00    0.0000000000E+00    0.0000000000E+00
    0.1390000000E+03         6        15         0    0.0000000000E+00    0.0000000000E+00    0.0000000000E+00
    0.1400000000E+03         6        16         0    0.0000000000E+00    0.0000000000E+00    0.0000000000E+00
    0.1410000000E+03         6        17         0    0.0000000000E+00    0.0000000000E+00    0.0000000000E+00
    0.1420000000E+03         6        18         0    0.0000000000E+00    0.0000000000E+00    0.0000000000E+00
    0.1430000000E+03         6        19         0    0.0000000000E+00    0.0000000000E+00    0.0000000000E+00
    0.1440000000E+03         6        20         0    0.0000000000E+00    0.0000000000E+00    0.0000000000E+00
    0.1450000000E+03         6        21         0    0.0000000000E+00    0.0000000000E+00    0.0000000000E+00
    0.1460000000E+03         6        22         0    0.0000000000E+00    0.0000000000E+00    0.0000000000E+00
    0.1470000000E+03         6        23         0    0.0000000000E+00    0.0000000000E+00    0.0000000000E+00
    0.1480000000E+03         6        24         0    0.0000000000E+00    0.0000000000E+00    0.0000000000E+00
    0.1490000000E+03         6        25         0    0.0000000000E+00    0.0000000000E+00    0.0000000000E+00
    0.1500000000E+03         6        26         0    0.0000000000E+00    0.0000000000E+00    0.0000000000E+00
    0.1510000000E+03         6        27         0    0.0000000000E+00    0.0000000000E+00    0.0000000000E+00
    0.1520000000E+03         6        28         0    0.0000000000E+00    0.0000000000E+00    0.0000000000E+00
    0.1530000000E+03         7         1         0    0.0000000000E+00    0.0000000000E+00    0.0000000000E+00
    0.1540000000E+03         7         2         0    0.0000000000E+00    0.0000000000E+00    0.0000000000E+00
    0.1550000000E+03         7         3         0    0.0000000000E+00    0.0000000000E+00    0.0000000000E+00
    0.1560000000E+03         7         4         0    0.0000000000E+00    0.0000000000E+00    0.0000000000E+00
    0.1570000000E+03         7         5         0    0.0000000000E+00    0.0000000000E+00    0.0000000000E+00
    0.1580000000E+03         7         6         0    0.0000000000E+00    0.0000000000E+00    0.0000000000E+00
    0.1590000000E+03         7         7         0    0.0000000000E+00    0.0000000000E+00    0.0000000000E+00
    0.1600000000E+03         7         8         0    0.0000000000E+00    0.0000000000E+00    0.0000000000E+00
    0.1610000000E+03         7         9         0    0.0000000000E+00    0.0000000000E+00    0.0000000000E+00
    0.1620000000E+03         7        10         0    0.0000000000E+00    0.0000000000E+00    0.0000000000E+00
    0.1630000000E+03         7        11         0    0.0000000000E+00    0.0000000000E+00    0.0000000000E+00
    0.1640000000E+03         7        12         0    0.0000000000E+00    0.0000000000E+00    0.0000000000E+00
    0.1650000000E+03         7        13         0    0.0000000000E+00    0.0000000000E+00    0.0000000000E+00
    0.1660000000E+03         7        14         0    0.0000000000E+00    0.0000000000E+00    0.0000000000E+00
    0.1670000000E+03         7        15         0    0.0000000000E+00    0.0000000000E+00    0.0000000000E+00
    0.1680000000E+03         7        16         0    0.0000000000E+00    0.0000000000E+00    0.0000000000E+00
    0.1690000000E+03         7        17         0    0.0000000000E+00    0.0000000000E+00    0.0000000000E+00
    0.1700000000E+03         7        18         0    0.0000000000E+00    0.0000000000E+00    0.0000000000E+00
    0.1710000000E+03         7        19         0    0.0000000000E+00    0.0000000000E+00    0.0000000000E+00
    0.1720000000E+03         7        20         0    0.0000000000E+00    0.0000000000E+00    0.0000000000E+00
    0.1730000000E+03         7        21         0    0.0000000000E+00    0.0000000000E+00    0.0000000000E+00
    0.1740000000E+03         7        22         0    0.0000000000E+00    0.0000000000E+00    0.0000000000E+00
    0.1750000000E+03         7        23         0    0.0000000000E+00    0.0000000000E+00    0.0000000000E+00
    0.1760000000E+03         7        24         0    0.0000000000E+00    0.0000000000E+00    0.0000000000E+00
    0.1770000000E+03         7        25         0    0.0000000000E+00    0.0000000000E+00    0.0000000000E+00
    0.1780000000E+03         7        26         0    0.0000000000E+00    0.0000000000E+00    0.0000000000E+00
    0.1790000000E+03         7        27         0    0.0000000000E+00    0.0000000000E+00    0.0000000000E+00
    0.1800000000E+03         7        28         0    0.0000000000E+00    0.0000000000E+00    0.0000000000E+00
    0.1810000000E+03         7        29         0    0.0000000000E+00    0.0000000000E+00    0.0000000000E+00
    0.1820000000E+03         7        30         0    0.0000000000E+00    0.0000000000E+00    0.0000000000E+00
    0.1830000000E+03         7        31         0    0.0000000000E+00    0.0000000000E+00    0.0000000000E+00
    0.1840000000E+03         8         1         0    0.0000000000E+00    0.0000000000E+00    0.0000000000E+00
    0.1850000000E+03         8         2         0    0.0000000000E+00    0.0000000000E+00    0.0000000000E+00
    0.1860000000E+03         8         3         0    0.0000000000E+00    0.0000000000E+00    0.0000000000E+00
    0.1870000000E+03         8         4         0    0.0000000000E+00    0.0000000000E+00    0.0000000000E+00
    0.1880000000E+03         8         5         0    0.0000000000E+00    0.0000000000E+00    0.0000000000E+00
    0.1890000000E+03         8         6         0    0.0000000000E+00    0.0000000000E+00    0.0000000000E+00
    0.1900000000E+03         8         7         0    0.0000000000E+00    0.0000000000E+00    0.0000000000E+00
    0.1910000000E+03         8         8         0    0.0000000000E+00    0.0000000000E+00    0.0000000000E+00
    0.1920000000E+03         8         9         0    0.0000000000E+00    0.0000000000E+00    0.0000000000E+00
    0.1930000000E+03         8        10         0    0.0000000000E+00    0.0000000000E+00    0.0000000000E+00
    0.1940000000E+03         8        11         0    0.0000000000E+00    0.0000000000E+00    0.0000000000E+00
    0.1950000000E+03         8        12         0    0.0000000000E+00    0.0000000000E+00    0.0000000000E+00
    0.1960000000E+03         8        13         0    0.0000000000E+00    0.0000000000E+00    0.0000000000E+00
    0.1970000000E+03         8        14         0    0.0000000000E+00    0.0000000000E+00    0.0000000000E+00
    0.1980000000E+03         8        15         0    0.0000000000E+00    0.0000000000E+00    0.0000000000E+00
    0.1990000000E+03         8        16         0    0.0000000000E+00    0.0000000000E+00    0.0000000000E+00
    0.2000000000E+03         8        17         0    0.0000000000E+00    0.0000000000E+00    0.0000000000E+00
    0.2010000000E+03         8        18         0    0.0000000000E+00    0.0000000000E+00    0.0000000000E+00
    0.2020000000E+03         8        19         0    0.0000000000E+00    0.0000000000E+00    0.0000000000E+00
    0.2030000000E+03         8        20         0    0.0000000000E+00    0.0000000000E+00    0.0000000000E+00
    0.2040000000E+03         8        21         0    0.0000000000E+00    0.0000000000E+00    0.0000000000E+00
    0.2050000000E+03         8        22         0    0.0000000000E+00    0.0000000000E+00    0.0000000000E+00
    0.2060000000E+03         8        23         0    0.0000000000E+00    0.0000000000E+00    0.0000000000E+00
    0.2070000000E+03         8        24         0    0.0000000000E+00    0.0000000000E+00    0.0000000000E+00
    0.2080000000E+03         8        25         0    0.0000000000E+00    0.0000000000E+00    0.0000000000E+00
    0.2090000000E+03         8        26         0    0.0000000000E+00    0.0000000000E+00    0.0000000000E+00
    0.2100000000E+03         8        27         0    0.0000000000E+00    0.0000000000E+00    0.0000000000E+00
    0.2110000000E+03         8        28         0    0.0000000000E+00    0.0000000000E+00    0.0000000000E+00
    0.2120000000E+03         8        29         0    0.0000000000E+00    0.0000000000E+00    0.0000000000E+00
    0.2130000000E+03         8        30         0    0.0000000000E+00    0.0000000000E+00    0.0000000000E+00
    0.2140000000E+03         9         1         0    0.0000000000E+00    0.0000000000E+00    0.0000000000E+00
    0.2150000000E+03         9         2         0    0.0000000000E+00    0.0000000000E+00    0.0000000000E+00
    0.2160000000E+03         9         3         0    0.0000000000E+00    0.0000000000E+00    0.0000000000E+00
    0.2170000000E+03         9         4         0    0.0000000000E+00    0.0000000000E+00    0.0000000000E+00
    0.2180000000E+03         9         5         0    0.0000000000E+00    0.0000000000E+00    0.0000000000E+00
    0.2190000000E+03         9         6         0    0.0000000000E+00    0.0000000000E+00    0.0000000000E+00
    0.2200000000E+03         9         7         0    0.0000000000E+00    0.0000000000E+00    0.0000000000E+00
    0.2210000000E+03         9         8         0    0.0000000000E+00    0.0000000000E+00    0.0000000000E+00
    0.2220000000E+03         9         9         0    0.0000000000E+00    0.0000000000E+00    0.0000000000E+00
    0.2230000000E+03         9        10         0    0.0000000000E+00    0.0000000000E+00    0.0000000000E+00
    0.2240000000E+03         9        11         0    0.0000000000E+00    0.0000000000E+00    0.0000000000E+00
    0.2250000000E+03         9        12         0    0.0000000000E+00    0.0000000000E+00    0.0000000000E+00
    0.2260000000E+03         9        13         0    0.0000000000E+00    0.0000000000E+00    0.0000000000E+00
    0.2270000000E+03         9        14         0    0.0000000000E+00    0.0000000000E+00    0.0000000000E+00
    0.2280000000E+03         9        15         0    0.0000000000E+00    0.0000000000E+00    0.0000000000E+00
    0.2290000000E+03         9        16         0    0.0000000000E+00    0.0000000000E+00    0.0000000000E+00
    0.2300000000E+03         9        17         0    0.0000000000E+00    0.0000000000E+00    0.0000000000E+00
    0.2310000000E+03         9        18         0    0.0000000000E+00    0.0000000000E+00    0.0000000000E+00
    0.2320000000E+03         9        19         0    0.0000000000E+00    0.0000000000E+00    0.0000000000E+00
    0.2330000000E+03         9        20         0    0.0000000000E+00    0.0000000000E+00    0.0000000000E+00
    0.2340000000E+03         9        21         0    0.0000000000E+00    0.0000000000E+00    0.0000000000E+00
    0.2350000000E+03         9        22         0    0.0000000000E+00    0.0000000000E+00    0.0000000000E+00
    0.2360000000E+03         9        23         0    0.0000000000E+00    0.0000000000E+00    0.0000000000E+00
    0.2370000000E+03         9        24         0    0.0000000000E+00    0.0000000000E+00    0.0000000000E+00
    0.2380000000E+03         9        25         0    0.0000000000E+00    0.0000000000E+00    0.0000000000E+00
    0.2390000000E+03         9        26         0    0.0000000000E+00    0.0000000000E+00    0.0000000000E+00
    0.2400000000E+03         9        27         0    0.0000000000E+00    0.0000000000E+00    0.0000000000E+00
    0.2410000000E+03         9        28         0    0.0000000000E+00    0.0000000000E+00    0.0000000000E+00
    0.2420000000E+03         9        29         0    0.0000000000E+00    0.0000000000E+00    0.0000000000E+00
    0.2430000000E+03         9        30         0    0.0000000000E+00    0.0000000000E+00    0.0000000000E+00
    0.2440000000E+03         9        31         0    0.0000000000E+00    0.0000000000E+00    0.0000000000E+00
