 "UNSATURATED MASS BALANCE COMPONENTS FOR ENTIRE MODEL "
 "DATA:            TIME   APPLIED-INFIL.          RUNOFF   ACTUAL-INFIL.   SURFACE-LEAK.           UZ-ET           GW-ET   UZSTOR-CHANGE        RECHARGE "

          1.0000000E+00    2.7372668E+04   0.0000000E+00   2.6653042E+04   2.6149107E+01   0.0000000E+00   2.4196789E+04   0.0000000E+00   2.6653042E+04
          2.0000000E+00    0.0000000E+00   0.0000000E+00   0.0000000E+00   3.3492325E+01   7.5018842E+04   7.0973076E+03  -1.0719268E+05   3.2770812E+04
          3.0000000E+00    0.0000000E+00   0.0000000E+00   0.0000000E+00   3.5852048E+01   6.6722426E+04   6.7747383E+03  -9.5243265E+04   2.8835042E+04
          4.0000000E+00    0.0000000E+00   0.0000000E+00   0.0000000E+00   3.7848061E+01   6.0943091E+04   6.5448550E+03  -8.7595049E+04   2.6883233E+04
          5.0000000E+00    0.0000000E+00   0.0000000E+00   0.0000000E+00   3.9287255E+01   5.4287939E+04   6.1913643E+03  -7.9646221E+04   2.5535472E+04
          6.0000000E+00    0.0000000E+00   0.0000000E+00   0.0000000E+00   3.9721026E+01   5.7493735E+04   6.9639136E+03  -8.1767899E+04   2.4427370E+04
          7.0000000E+00    0.0000000E+00   0.0000000E+00   0.0000000E+00   4.5089694E+01   1.5543703E+04   2.0101024E+03  -3.9856849E+04   2.4365864E+04
          8.0000000E+00    0.0000000E+00   0.0000000E+00   0.0000000E+00   4.7099177E+01   1.0966493E+04   1.4167858E+03  -3.4877422E+04   2.3943130E+04
          9.0000000E+00    0.0000000E+00   0.0000000E+00   0.0000000E+00   4.8510866E+01   1.1538711E+04   1.6251819E+03  -3.5184686E+04   2.3677460E+04
          1.0000000E+01    0.0000000E+00   0.0000000E+00   0.0000000E+00   4.6155450E+01   4.5257495E+04   6.4736587E+03  -6.8139888E+04   2.2954083E+04
          1.1000000E+01    0.0000000E+00   0.0000000E+00   0.0000000E+00   4.7158201E+01   3.8528624E+04   5.8917158E+03  -6.1115303E+04   2.2646802E+04
          1.2000000E+01    0.0000000E+00   0.0000000E+00   0.0000000E+00   4.8229080E+01   3.3021845E+04   5.4914829E+03  -5.5383838E+04   2.2410576E+04
          1.3000000E+01    0.0000000E+00   0.0000000E+00   0.0000000E+00   4.8752038E+01   3.1549651E+04   6.0025786E+03  -5.3629222E+04   2.2118399E+04
          1.4000000E+01    0.0000000E+00   0.0000000E+00   0.0000000E+00   4.8938254E+01   2.9554295E+04   6.8841348E+03  -5.1382287E+04   2.1861930E+04
          1.5000000E+01    0.0000000E+00   0.0000000E+00   0.0000000E+00   4.8755658E+01   2.8965131E+04   7.9953848E+03  -5.0556006E+04   2.1614112E+04
          1.6000000E+01    0.0000000E+00   0.0000000E+00   0.0000000E+00   5.0786532E+01   1.8622101E+04   6.2343682E+03  -4.0155560E+04   2.1552349E+04
          1.7000000E+01    0.0000000E+00   0.0000000E+00   0.0000000E+00   5.2431384E+01   1.4652036E+04   6.1247173E+03  -3.6086507E+04   2.1450621E+04
          1.8000000E+01    0.0000000E+00   0.0000000E+00   0.0000000E+00   5.4920917E+01   1.1384167E+04   5.4899707E+03  -3.2714882E+04   2.1344655E+04
          1.9000000E+01    0.0000000E+00   0.0000000E+00   0.0000000E+00   5.8634184E+01   6.6391272E+03   4.3371426E+03  -2.7951255E+04   2.1322766E+04
          2.0000000E+01    0.0000000E+00   0.0000000E+00   0.0000000E+00   6.2612784E+01   2.9869099E+03   1.7964740E+03  -2.4346903E+04   2.1363889E+04
          2.1000000E+01    0.0000000E+00   0.0000000E+00   0.0000000E+00   6.4601672E+01   1.9667853E+03   1.2695886E+03  -2.3260789E+04   2.1296694E+04
          2.2000000E+01    0.0000000E+00   0.0000000E+00   0.0000000E+00   6.1192044E+01   7.5764083E+03   5.9912080E+03  -2.8498739E+04   2.0928739E+04
          2.3000000E+01    0.0000000E+00   0.0000000E+00   0.0000000E+00   6.4244468E+01   4.7728650E+03   5.0059858E+03  -2.5653679E+04   2.0885732E+04
          2.4000000E+01    0.0000000E+00   0.0000000E+00   0.0000000E+00   6.4045724E+01   5.9627511E+03   6.4972690E+03  -2.6668588E+04   2.0710662E+04
          2.5000000E+01    0.0000000E+00   0.0000000E+00   0.0000000E+00   6.2841042E+01   6.2085984E+03   8.0271211E+03  -2.6734836E+04   2.0530353E+04
          2.6000000E+01    0.0000000E+00   0.0000000E+00   0.0000000E+00   6.3480246E+01   4.8894638E+03   8.1595205E+03  -2.5304661E+04   2.0418813E+04
          2.7000000E+01    0.0000000E+00   0.0000000E+00   0.0000000E+00   6.5394094E+01   3.2857753E+03   7.0150366E+03  -2.3637550E+04   2.0354463E+04
          2.8000000E+01    0.0000000E+00   0.0000000E+00   0.0000000E+00   6.7422798E+01   2.1150117E+03   6.0566274E+03  -2.2434692E+04   2.0321374E+04
          2.9000000E+01    0.0000000E+00   0.0000000E+00   0.0000000E+00   6.9263758E+01   1.3125581E+03   5.4907690E+03  -2.1574230E+04   2.0262864E+04
          3.0000000E+01    0.0000000E+00   0.0000000E+00   0.0000000E+00   7.1333123E+01   8.2700041E+02   4.4901709E+03  -2.1044354E+04   2.0218279E+04
          3.1000000E+01    0.0000000E+00   0.0000000E+00   0.0000000E+00   7.2765321E+01   6.1306719E+02   3.9371904E+03  -2.0707356E+04   2.0095067E+04
          3.2000000E+01    0.0000000E+00   0.0000000E+00   0.0000000E+00   7.6548709E+01   3.5248913E+02   1.7948037E+03  -2.0445085E+04   2.0093072E+04
          3.3000000E+01    0.0000000E+00   0.0000000E+00   0.0000000E+00   7.9432832E+01   1.2136239E+02   7.4529688E+02  -2.0232345E+04   2.0111276E+04
          3.4000000E+01    0.0000000E+00   0.0000000E+00   0.0000000E+00   8.1527689E+01   3.8106540E+01   3.0235660E+02  -2.0095516E+04   2.0057647E+04
          3.5000000E+01    0.0000000E+00   0.0000000E+00   0.0000000E+00   8.3279940E+01   1.4094465E+02   1.1224187E+03  -2.0089962E+04   1.9949324E+04
          3.6000000E+01    0.0000000E+00   0.0000000E+00   0.0000000E+00   7.9961917E+01   5.3088717E+02   4.1372495E+03  -2.0209977E+04   1.9679640E+04
          3.7000000E+01    0.0000000E+00   0.0000000E+00   0.0000000E+00   8.5436614E+01   1.8285802E+02   1.4214089E+03  -1.9931539E+04   1.9749039E+04
          3.8000000E+01    0.0000000E+00   0.0000000E+00   0.0000000E+00   8.8730010E+01   6.6986424E+01   5.8489105E+02  -1.9784007E+04   1.9717277E+04
          3.9000000E+01    0.0000000E+00   0.0000000E+00   0.0000000E+00   9.0650154E+01   9.7262182E+01   1.2515083E+03  -1.9702078E+04   1.9605103E+04
          4.0000000E+01    0.0000000E+00   0.0000000E+00   0.0000000E+00   8.5365041E+01   4.3293831E+02   4.6786743E+03  -1.9717123E+04   1.9284752E+04
          4.1000000E+01    0.0000000E+00   0.0000000E+00   0.0000000E+00   8.5315914E+01   4.2332036E+02   4.8527788E+03  -1.9556834E+04   1.9134013E+04
          4.2000000E+01    0.0000000E+00   0.0000000E+00   0.0000000E+00   8.3890116E+01   4.5275683E+02   5.9162158E+03  -1.9383913E+04   1.8931599E+04
          4.3000000E+01    0.0000000E+00   0.0000000E+00   0.0000000E+00   8.5677167E+01   3.2268714E+02   5.2836108E+03  -1.9152433E+04   1.8830136E+04
          4.4000000E+01    0.0000000E+00   0.0000000E+00   0.0000000E+00   8.6316827E+01   2.8313047E+02   5.3813828E+03  -1.8978840E+04   1.8696038E+04
          4.5000000E+01    0.0000000E+00   0.0000000E+00   0.0000000E+00   8.7438826E+01   1.9775230E+02   5.1450195E+03  -1.8818066E+04   1.8620604E+04
          4.6000000E+01    0.0000000E+00   0.0000000E+00   0.0000000E+00   9.1197311E+01   9.5614373E+01   3.8656106E+03  -1.8729038E+04   1.8633679E+04
          4.7000000E+01    0.0000000E+00   0.0000000E+00   0.0000000E+00   9.7733361E+01   5.6702558E+01   1.4056436E+03  -1.8740952E+04   1.8684466E+04
          4.8000000E+01    0.0000000E+00   0.0000000E+00   0.0000000E+00   9.7398040E+01   5.5682149E+01   2.4967476E+03  -1.8593392E+04   1.8537942E+04
          4.9000000E+01    0.0000000E+00   0.0000000E+00   0.0000000E+00   9.7021135E+01   6.6176741E+01   2.9750781E+03  -1.8470291E+04   1.8404390E+04
          5.0000000E+01    0.0000000E+00   0.0000000E+00   0.0000000E+00   1.0132898E+02   4.3680419E+01   1.3034979E+03  -1.8469390E+04   1.8425956E+04
          5.1000000E+01    0.0000000E+00   0.0000000E+00   0.0000000E+00   1.0464647E+02   2.5230250E+01   8.0165350E+02  -1.8390637E+04   1.8365628E+04
          5.2000000E+01    0.0000000E+00   0.0000000E+00   0.0000000E+00   1.0801940E+02   1.4296993E-10   2.5092262E+01  -1.8328254E+04   1.8328438E+04
          5.3000000E+01    0.0000000E+00   0.0000000E+00   0.0000000E+00   1.0869434E+02   8.8503315E+00   3.5989920E+02  -1.8231799E+04   1.8223146E+04
          5.4000000E+01    0.0000000E+00   0.0000000E+00   0.0000000E+00   1.0581953E+02   3.6871096E+01   2.1245986E+03  -1.8027297E+04   1.7990688E+04
          5.5000000E+01    0.0000000E+00   0.0000000E+00   0.0000000E+00   1.0328197E+02   7.4703175E+01   3.3234915E+03  -1.7859833E+04   1.7785419E+04
          5.6000000E+01    0.0000000E+00   0.0000000E+00   0.0000000E+00   1.0303328E+02   8.2792644E+01   3.7180437E+03  -1.7749819E+04   1.7667270E+04
          5.7000000E+01    0.0000000E+00   0.0000000E+00   0.0000000E+00   1.1076922E+02   2.5024039E+01   1.1780011E+03  -1.7759945E+04   1.7735101E+04
          5.8000000E+01    0.0000000E+00   0.0000000E+00   0.0000000E+00   1.1534209E+02   4.7175461E-02   6.6607086E+01  -1.7737398E+04   1.7737504E+04
          5.9000000E+01    0.0000000E+00   0.0000000E+00   0.0000000E+00   1.1740731E+02   0.0000000E+00   0.0000000E+00  -1.7651370E+04   1.7651523E+04
          6.0000000E+01    0.0000000E+00   0.0000000E+00   0.0000000E+00   1.1859224E+02   0.0000000E+00   0.0000000E+00  -1.7578405E+04   1.7578558E+04
          6.1000000E+01    0.0000000E+00   0.0000000E+00   0.0000000E+00   1.1848877E+02   1.0575834E+01   5.2044696E+02  -1.7442584E+04   1.7432174E+04
          6.2000000E+01    0.0000000E+00   0.0000000E+00   0.0000000E+00   1.1983731E+02   9.3601090E+00   4.7728601E+02  -1.7370716E+04   1.7361521E+04
          6.3000000E+01    0.0000000E+00   0.0000000E+00   0.0000000E+00   1.2231643E+02   1.7014371E-10   1.6410777E+02  -1.7302229E+04   1.7302382E+04
          6.4000000E+01    0.0000000E+00   0.0000000E+00   0.0000000E+00   1.2363992E+02   8.9999148E-11   5.6320072E+01  -1.7197443E+04   1.7197596E+04
          6.5000000E+01    0.0000000E+00   0.0000000E+00   0.0000000E+00   1.2209963E+02   2.1016618E+01   1.3207542E+03  -1.7034915E+04   1.7014071E+04
          6.6000000E+01    0.0000000E+00   0.0000000E+00   0.0000000E+00   1.1682570E+02   5.5726389E+01   3.1951116E+03  -1.6834402E+04   1.6778851E+04
          6.7000000E+01    0.0000000E+00   0.0000000E+00   0.0000000E+00   1.2057421E+02   3.1404172E+01   2.1426880E+03  -1.6766165E+04   1.6734897E+04
          6.8000000E+01    0.0000000E+00   0.0000000E+00   0.0000000E+00   1.2452784E+02   1.4434238E+01   1.2149037E+03  -1.6728168E+04   1.6713864E+04
          6.9000000E+01    0.0000000E+00   0.0000000E+00   0.0000000E+00   1.2189519E+02   3.3692235E+01   2.3076333E+03  -1.6559690E+04   1.6526135E+04
          7.0000000E+01    0.0000000E+00   0.0000000E+00   0.0000000E+00   1.1988529E+02   4.1630053E+01   3.0070918E+03  -1.6403341E+04   1.6361852E+04
          7.1000000E+01    0.0000000E+00   0.0000000E+00   0.0000000E+00   1.1786460E+02   4.7589651E+01   3.8152639E+03  -1.6252785E+04   1.6205327E+04
          7.2000000E+01    0.0000000E+00   0.0000000E+00   0.0000000E+00   1.2065980E+02   3.6075360E+01   3.2614905E+03  -1.6199618E+04   1.6163673E+04
          7.3000000E+01    0.0000000E+00   0.0000000E+00   0.0000000E+00   1.2312895E+02   2.4642152E+01   2.8005491E+03  -1.6142728E+04   1.6118215E+04
          7.4000000E+01    0.0000000E+00   0.0000000E+00   0.0000000E+00   1.3066147E+02   8.1801249E+00   9.3368488E+02  -1.6177587E+04   1.6169531E+04
          7.5000000E+01    0.0000000E+00   0.0000000E+00   0.0000000E+00   1.3429564E+02   4.8667930E+00   5.0468118E+02  -1.6120746E+04   1.6116003E+04
          7.6000000E+01    0.0000000E+00   0.0000000E+00   0.0000000E+00   1.3848582E+02   0.0000000E+00   0.0000000E+00  -1.6060508E+04   1.6060630E+04
          7.7000000E+01    0.0000000E+00   0.0000000E+00   0.0000000E+00   1.3994085E+02   8.1408549E-11   2.4246103E+01  -1.5964754E+04   1.5964876E+04
          7.8000000E+01    0.0000000E+00   0.0000000E+00   0.0000000E+00   1.4120798E+02   0.0000000E+00   0.0000000E+00  -1.5901816E+04   1.5901938E+04
          7.9000000E+01    0.0000000E+00   0.0000000E+00   0.0000000E+00   1.4220264E+02   4.5825610E-11   3.0269785E+00  -1.5799661E+04   1.5799783E+04
          8.0000000E+01    0.0000000E+00   0.0000000E+00   0.0000000E+00   1.4274807E+02   3.8367401E-01   2.2966090E+02  -1.5690115E+04   1.5689853E+04
          8.1000000E+01    0.0000000E+00   0.0000000E+00   0.0000000E+00   1.4571097E+02   7.5702944E-11   1.2365535E+01  -1.5600241E+04   1.5600363E+04
          8.2000000E+01    0.0000000E+00   0.0000000E+00   0.0000000E+00   1.4734434E+02   0.0000000E+00   0.0000000E+00  -1.5527649E+04   1.5527771E+04
          8.3000000E+01    0.0000000E+00   0.0000000E+00   0.0000000E+00   1.4889192E+02   0.0000000E+00   0.0000000E+00  -1.5454955E+04   1.5455077E+04
          8.4000000E+01    0.0000000E+00   0.0000000E+00   0.0000000E+00   1.5009152E+02   0.0000000E+00   0.0000000E+00  -1.5361745E+04   1.5361867E+04
          8.5000000E+01    0.0000000E+00   0.0000000E+00   0.0000000E+00   1.5097600E+02   0.0000000E+00   0.0000000E+00  -1.5285572E+04   1.5285695E+04
          8.6000000E+01    0.0000000E+00   0.0000000E+00   0.0000000E+00   1.5222465E+02   0.0000000E+00   0.0000000E+00  -1.5189964E+04   1.5190086E+04
          8.7000000E+01    0.0000000E+00   0.0000000E+00   0.0000000E+00   1.5379812E+02   0.0000000E+00   0.0000000E+00  -1.5134640E+04   1.5134762E+04
          8.8000000E+01    0.0000000E+00   0.0000000E+00   0.0000000E+00   1.5484993E+02   0.0000000E+00   0.0000000E+00  -1.5064299E+04   1.5064421E+04
          8.9000000E+01    0.0000000E+00   0.0000000E+00   0.0000000E+00   1.5681704E+02   0.0000000E+00   0.0000000E+00  -1.4987649E+04   1.4987772E+04
          9.0000000E+01    0.0000000E+00   0.0000000E+00   0.0000000E+00   1.5780127E+02   1.6524942E-10   1.3569781E+02  -1.4898869E+04   1.4898992E+04
          9.1000000E+01    0.0000000E+00   0.0000000E+00   0.0000000E+00   1.5940069E+02   0.0000000E+00   0.0000000E+00  -1.4847756E+04   1.4847879E+04
          9.2000000E+01    0.0000000E+00   0.0000000E+00   0.0000000E+00   1.6108196E+02   0.0000000E+00   0.0000000E+00  -1.4766708E+04   1.4766830E+04
          9.3000000E+01    0.0000000E+00   0.0000000E+00   0.0000000E+00   1.6253818E+02   7.9223499E-11   3.5136959E+01  -1.4695706E+04   1.4695828E+04
          9.4000000E+01    0.0000000E+00   0.0000000E+00   0.0000000E+00   1.6184119E+02   3.4722909E-01   4.2798508E+02  -1.4591481E+04   1.4591256E+04
          9.5000000E+01    0.0000000E+00   0.0000000E+00   0.0000000E+00   1.6358903E+02   2.0186624E-10   2.1317081E+02  -1.4517415E+04   1.4517537E+04
          9.6000000E+01    0.0000000E+00   0.0000000E+00   0.0000000E+00   1.6045544E+02   5.0698287E+00   1.0583774E+03  -1.4384232E+04   1.4379289E+04
          9.7000000E+01    0.0000000E+00   0.0000000E+00   0.0000000E+00   1.5692785E+02   1.2538975E+01   1.8316584E+03  -1.4230020E+04   1.4217596E+04
          9.8000000E+01    0.0000000E+00   0.0000000E+00   0.0000000E+00   1.6375333E+02   1.0272939E+00   5.5945154E+02  -1.4230916E+04   1.4229981E+04
          9.9000000E+01    0.0000000E+00   0.0000000E+00   0.0000000E+00   1.6625938E+02   8.8140651E-01   5.1538422E+02  -1.4178968E+04   1.4178179E+04
          1.0000000E+02    0.0000000E+00   0.0000000E+00   0.0000000E+00   1.6263236E+02   8.6688296E+00   1.5275662E+03  -1.4052118E+04   1.4043549E+04
          1.0100000E+02    0.0000000E+00   0.0000000E+00   0.0000000E+00   1.7043873E+02   9.4786514E-11   3.7526985E+01  -1.4055687E+04   1.4055779E+04
          1.0200000E+02    0.0000000E+00   0.0000000E+00   0.0000000E+00   1.6945577E+02   2.6420939E+00   7.3077991E+02  -1.3947562E+04   1.3945014E+04
          1.0300000E+02    0.0000000E+00   0.0000000E+00   0.0000000E+00   1.6944125E+02   4.5909603E+00   1.0117717E+03  -1.3826335E+04   1.3821840E+04
          1.0400000E+02    0.0000000E+00   0.0000000E+00   0.0000000E+00   1.6746825E+02   8.4039491E+00   1.5141799E+03  -1.3689938E+04   1.3681633E+04
          1.0500000E+02    0.0000000E+00   0.0000000E+00   0.0000000E+00   1.5237785E+02   3.1877158E+01   4.3378818E+03  -1.3436512E+04   1.3404726E+04
          1.0600000E+02    0.0000000E+00   0.0000000E+00   0.0000000E+00   1.5178027E+02   2.5496216E+01   4.1041758E+03  -1.3334750E+04   1.3309339E+04
          1.0700000E+02    0.0000000E+00   0.0000000E+00   0.0000000E+00   1.5478985E+02   1.8624922E+01   3.5494727E+03  -1.3276600E+04   1.3258056E+04
          1.0800000E+02    0.0000000E+00   0.0000000E+00   0.0000000E+00   1.6048009E+02   1.1468025E+01   2.6810911E+03  -1.3254905E+04   1.3243503E+04
          1.0900000E+02    0.0000000E+00   0.0000000E+00   0.0000000E+00   1.6652181E+02   5.1997674E+00   1.8297456E+03  -1.3248676E+04   1.3243541E+04
          1.1000000E+02    0.0000000E+00   0.0000000E+00   0.0000000E+00   1.6482891E+02   8.8742055E+00   2.3619932E+03  -1.3162596E+04   1.3153786E+04
          1.1100000E+02    0.0000000E+00   0.0000000E+00   0.0000000E+00   1.6384558E+02   1.0313825E+01   2.5862827E+03  -1.3075894E+04   1.3065646E+04
          1.1200000E+02    0.0000000E+00   0.0000000E+00   0.0000000E+00   1.7069569E+02   4.1796440E+00   1.4407444E+03  -1.3053461E+04   1.3049345E+04
          1.1300000E+02    0.0000000E+00   0.0000000E+00   0.0000000E+00   1.7788976E+02   1.6717250E-01   3.9944409E+02  -1.3051231E+04   1.3051125E+04
          1.1400000E+02    0.0000000E+00   0.0000000E+00   0.0000000E+00   1.8165747E+02   0.0000000E+00   0.0000000E+00  -1.2991315E+04   1.2991376E+04
          1.1500000E+02    0.0000000E+00   0.0000000E+00   0.0000000E+00   1.8285850E+02   1.3745172E-10   1.7333025E+02  -1.2898858E+04   1.2898919E+04
          1.1600000E+02    0.0000000E+00   0.0000000E+00   0.0000000E+00   1.7726134E+02   3.8720990E+00   1.3274572E+03  -1.2754690E+04   1.2750881E+04
          1.1700000E+02    0.0000000E+00   0.0000000E+00   0.0000000E+00   1.7777612E+02   3.2547106E+00   1.2065784E+03  -1.2699332E+04   1.2696140E+04
          1.1800000E+02    0.0000000E+00   0.0000000E+00   0.0000000E+00   1.8215344E+02   2.7522723E-01   5.3398083E+02  -1.2652572E+04   1.2652358E+04
          1.1900000E+02    0.0000000E+00   0.0000000E+00   0.0000000E+00   1.7895217E+02   3.5486234E+00   1.2673101E+03  -1.2536804E+04   1.2533318E+04
          1.2000000E+02    0.0000000E+00   0.0000000E+00   0.0000000E+00   1.8547473E+02   1.9653503E-10   2.5390784E+02  -1.2527500E+04   1.2527561E+04
          1.2100000E+02    0.0000000E+00   0.0000000E+00   0.0000000E+00   1.8460121E+02   6.9004680E-01   6.9031146E+02  -1.2455794E+04   1.2455166E+04
          1.2200000E+02    0.0000000E+00   0.0000000E+00   0.0000000E+00   1.8690509E+02   1.1269374E-02   4.0888736E+02  -1.2408034E+04   1.2408084E+04
          1.2300000E+02    0.0000000E+00   0.0000000E+00   0.0000000E+00   1.8141271E+02   4.6133511E+00   1.4812292E+03  -1.2273593E+04   1.2269044E+04
          1.2400000E+02    0.0000000E+00   0.0000000E+00   0.0000000E+00   1.6409982E+02   1.9055162E+01   4.2624653E+03  -1.2013809E+04   1.1994824E+04
          1.2500000E+02    0.0000000E+00   0.0000000E+00   0.0000000E+00   1.6046942E+02   2.2129294E+01   4.4515879E+03  -1.1902195E+04   1.1880136E+04
          1.2600000E+02    0.0000000E+00   0.0000000E+00   0.0000000E+00   1.4804247E+02   2.6472395E+01   6.4198125E+03  -1.1722470E+04   1.1696067E+04
          1.2700000E+02    0.0000000E+00   0.0000000E+00   0.0000000E+00   1.5805153E+02   9.9606815E+00   4.3520781E+03  -1.1735938E+04   1.1726039E+04
          1.2800000E+02    0.0000000E+00   0.0000000E+00   0.0000000E+00   1.5442811E+02   1.0934195E+01   5.1915469E+03  -1.1641929E+04   1.1631056E+04
          1.2900000E+02    0.0000000E+00   0.0000000E+00   0.0000000E+00   1.6038884E+02   6.1520945E+00   4.0894402E+03  -1.1603362E+04   1.1597271E+04
          1.3000000E+02    0.0000000E+00   0.0000000E+00   0.0000000E+00   1.6157018E+02   7.3516900E+00   4.0609221E+03  -1.1539379E+04   1.1532088E+04
          1.3100000E+02    0.0000000E+00   0.0000000E+00   0.0000000E+00   1.5634180E+02   9.2072084E+00   4.9945986E+03  -1.1416351E+04   1.1407205E+04
          1.3200000E+02    0.0000000E+00   0.0000000E+00   0.0000000E+00   1.5377964E+02   7.4272211E+00   5.3040166E+03  -1.1327760E+04   1.1320394E+04
          1.3300000E+02    0.0000000E+00   0.0000000E+00   0.0000000E+00   1.5300439E+02   6.4671839E+00   5.3592803E+03  -1.1250015E+04   1.1243609E+04
          1.3400000E+02    0.0000000E+00   0.0000000E+00   0.0000000E+00   1.5320817E+02   6.4095972E+00   5.2890273E+03  -1.1201376E+04   1.1195028E+04
          1.3500000E+02    0.0000000E+00   0.0000000E+00   0.0000000E+00   1.4695723E+02   6.4352698E+00   6.3584331E+03  -1.1069122E+04   1.1062747E+04
          1.3600000E+02    0.0000000E+00   0.0000000E+00   0.0000000E+00   1.5236825E+02   2.8775789E+00   5.2459258E+03  -1.1040514E+04   1.1037697E+04
          1.3700000E+02    0.0000000E+00   0.0000000E+00   0.0000000E+00   1.3955943E+02   4.2813481E+00   7.6227974E+03  -1.0861822E+04   1.0857602E+04
          1.3800000E+02    0.0000000E+00   0.0000000E+00   0.0000000E+00   1.3168106E+02   5.0764424E+00   8.7871504E+03  -1.0739982E+04   1.0734967E+04
          1.3900000E+02    0.0000000E+00   0.0000000E+00   0.0000000E+00   1.3113739E+02   4.9581126E+00   8.5879551E+03  -1.0690416E+04   1.0685519E+04
          1.4000000E+02    0.0000000E+00   0.0000000E+00   0.0000000E+00   1.3238965E+02   3.0248841E+00   8.2171035E+03  -1.0639880E+04   1.0636916E+04
          1.4100000E+02    0.0000000E+00   0.0000000E+00   0.0000000E+00   1.4974091E+02   1.5125853E+00   4.6964019E+03  -1.0666674E+04   1.0665222E+04
          1.4200000E+02    0.0000000E+00   0.0000000E+00   0.0000000E+00   1.5899570E+02   1.1316403E+00   3.5996567E+03  -1.0652046E+04   1.0650975E+04
          1.4300000E+02    0.0000000E+00   0.0000000E+00   0.0000000E+00   1.3703993E+02   2.8464313E+00   8.0526387E+03  -1.0413165E+04   1.0410379E+04
          1.4400000E+02    0.0000000E+00   0.0000000E+00   0.0000000E+00   1.3849428E+02   1.7889811E+00   7.1781401E+03  -1.0344295E+04   1.0342567E+04
          1.4500000E+02    0.0000000E+00   0.0000000E+00   0.0000000E+00   1.3517611E+02   1.7828318E+00   7.7819731E+03  -1.0230789E+04   1.0229067E+04
          1.4600000E+02    0.0000000E+00   0.0000000E+00   0.0000000E+00   1.4183762E+02   1.4068865E+00   6.3950493E+03  -1.0199093E+04   1.0197747E+04
          1.4700000E+02    0.0000000E+00   0.0000000E+00   0.0000000E+00   1.4528144E+02   8.5255867E-01   5.9195854E+03  -1.0176129E+04   1.0175338E+04
          1.4800000E+02    0.0000000E+00   0.0000000E+00   0.0000000E+00   1.5393869E+02   6.0513592E-01   4.4010703E+03  -1.0180071E+04   1.0179527E+04
          1.4900000E+02    0.0000000E+00   0.0000000E+00   0.0000000E+00   1.4669488E+02   8.6820644E-01   6.0347534E+03  -1.0066130E+04   1.0065323E+04
          1.5000000E+02    0.0000000E+00   0.0000000E+00   0.0000000E+00   1.3762602E+02   1.1112515E+00   7.4962319E+03  -9.9579422E+03   9.9568921E+03
          1.5100000E+02    0.0000000E+00   0.0000000E+00   0.0000000E+00   1.4009121E+02   1.0032398E+00   6.7576147E+03  -9.9348200E+03   9.9338779E+03
          1.5200000E+02    0.0000000E+00   0.0000000E+00   0.0000000E+00   1.3981318E+02   1.0272864E+00   6.8320352E+03  -9.8607010E+03   9.8597349E+03
          1.5300000E+02    0.0000000E+00   0.0000000E+00   0.0000000E+00   1.6839388E+02   2.2865929E-01   1.5329674E+03  -9.9595589E+03   9.9593903E+03
          1.5400000E+02    0.0000000E+00   0.0000000E+00   0.0000000E+00   1.7564994E+02   1.7728059E-01   1.2319662E+03  -9.9496094E+03   9.9494627E+03
          1.5500000E+02    0.0000000E+00   0.0000000E+00   0.0000000E+00   1.7332568E+02   3.0249566E-01   1.9746901E+03  -9.8712816E+03   9.8710097E+03
          1.5600000E+02    0.0000000E+00   0.0000000E+00   0.0000000E+00   1.6509728E+02   5.0196487E-01   3.5857446E+03  -9.7795174E+03   9.7790461E+03
          1.5700000E+02    0.0000000E+00   0.0000000E+00   0.0000000E+00   1.7802592E+02   1.5553547E-01   1.1091810E+03  -9.8022275E+03   9.8021026E+03
          1.5800000E+02    0.0000000E+00   0.0000000E+00   0.0000000E+00   1.8654806E+02   0.0000000E+00   0.0000000E+00  -9.8236347E+03   9.8236653E+03
          1.5900000E+02    0.0000000E+00   0.0000000E+00   0.0000000E+00   1.8270172E+02   1.2277397E-01   1.1171243E+03  -9.7491294E+03   9.7490372E+03
          1.6000000E+02    0.0000000E+00   0.0000000E+00   0.0000000E+00   1.7818382E+02   2.6005566E-01   1.9553142E+03  -9.6856096E+03   9.6853801E+03
          1.6100000E+02    0.0000000E+00   0.0000000E+00   0.0000000E+00   1.7255355E+02   4.1803470E-01   2.8898865E+03  -9.5904975E+03   9.5901100E+03
          1.6200000E+02    0.0000000E+00   0.0000000E+00   0.0000000E+00   1.7880815E+02   2.5294286E-01   1.6972717E+03  -9.5662602E+03   9.5660379E+03
          1.6300000E+02    0.0000000E+00   0.0000000E+00   0.0000000E+00   1.8966164E+02   1.5383879E-10   1.0373311E+02  -9.5913840E+03   9.5914145E+03
          1.6400000E+02    0.0000000E+00   0.0000000E+00   0.0000000E+00   1.8710839E+02   1.2274523E-01   9.3182031E+02  -9.5157413E+03   9.5156491E+03
          1.6500000E+02    0.0000000E+00   0.0000000E+00   0.0000000E+00   1.8556319E+02   1.8488498E-01   1.3027032E+03  -9.4170312E+03   9.4168768E+03
          1.6600000E+02    0.0000000E+00   0.0000000E+00   0.0000000E+00   1.8586295E+02   1.8681496E-01   1.3165850E+03  -9.3718821E+03   9.3717258E+03
          1.6700000E+02    0.0000000E+00   0.0000000E+00   0.0000000E+00   1.9448441E+02   2.2809552E-11   6.7407560E-01  -9.3809525E+03   9.3809831E+03
          1.6800000E+02    0.0000000E+00   0.0000000E+00   0.0000000E+00   1.9703220E+02   0.0000000E+00   0.0000000E+00  -9.3579436E+03   9.3579741E+03
          1.6900000E+02    0.0000000E+00   0.0000000E+00   0.0000000E+00   1.8854886E+02   2.2433503E-01   1.5481976E+03  -9.2092228E+03   9.2090218E+03
          1.7000000E+02    0.0000000E+00   0.0000000E+00   0.0000000E+00   1.8947190E+02   1.7849909E-01   1.2779683E+03  -9.1613672E+03   9.1611887E+03
          1.7100000E+02    0.0000000E+00   0.0000000E+00   0.0000000E+00   1.9001284E+02   1.8025881E-01   1.2905996E+03  -9.1141341E+03   9.1139538E+03
          1.7200000E+02    0.0000000E+00   0.0000000E+00   0.0000000E+00   1.9098080E+02   1.6569188E-01   1.2061632E+03  -9.0671294E+03   9.0669637E+03
          1.7300000E+02    0.0000000E+00   0.0000000E+00   0.0000000E+00   2.0001888E+02   1.1732195E-10   7.1453140E+01  -9.0624122E+03   9.0624122E+03
          1.7400000E+02    0.0000000E+00   0.0000000E+00   0.0000000E+00   1.9962460E+02   6.9238969E-02   6.3724878E+02  -9.0014695E+03   9.0014003E+03
          1.7500000E+02    0.0000000E+00   0.0000000E+00   0.0000000E+00   1.9143184E+02   2.8819531E-01   1.9428228E+03  -8.8628135E+03   8.8625253E+03
          1.7600000E+02    0.0000000E+00   0.0000000E+00   0.0000000E+00   1.9920099E+02   1.0433540E-01   8.5038544E+02  -8.8638720E+03   8.8637677E+03
          1.7700000E+02    0.0000000E+00   0.0000000E+00   0.0000000E+00   2.0240049E+02   7.1181365E-02   6.5518689E+02  -8.8401616E+03   8.8400904E+03
          1.7800000E+02    0.0000000E+00   0.0000000E+00   0.0000000E+00   2.0731291E+02   2.3905625E-10   1.7431918E+02  -8.8116873E+03   8.8116873E+03
          1.7900000E+02    0.0000000E+00   0.0000000E+00   0.0000000E+00   2.1045551E+02   2.1022423E-11   7.7750289E-01  -8.7673595E+03   8.7673595E+03
          1.8000000E+02    0.0000000E+00   0.0000000E+00   0.0000000E+00   2.0302344E+02   1.2039781E-01   1.2633469E+03  -8.6157611E+03   8.6156408E+03
          1.8100000E+02    0.0000000E+00   0.0000000E+00   0.0000000E+00   1.8673849E+02   4.7672769E-01   3.2760771E+03  -8.4309809E+03   8.4305041E+03
          1.8200000E+02    0.0000000E+00   0.0000000E+00   0.0000000E+00   1.5113320E+02   1.2193937E+00   7.9806812E+03  -8.1700417E+03   8.1688223E+03
          1.8300000E+02    0.0000000E+00   0.0000000E+00   0.0000000E+00   1.3888293E+02   1.4434221E+00   9.2899893E+03  -8.0542643E+03   8.0528209E+03
          1.8400000E+02    0.0000000E+00   0.0000000E+00   0.0000000E+00   1.5654303E+02   8.6329031E-01   5.4109824E+03  -8.0683215E+03   8.0674582E+03
          1.8500000E+02    0.0000000E+00   0.0000000E+00   0.0000000E+00   1.5610174E+02   2.2097647E-01   5.9424204E+03  -8.0221890E+03   8.0219680E+03
          1.8600000E+02    0.0000000E+00   0.0000000E+00   0.0000000E+00   1.4061106E+02   4.0638291E-10   8.7635859E+03  -7.9037464E+03   7.9037464E+03
          1.8700000E+02    0.0000000E+00   0.0000000E+00   0.0000000E+00   1.2120079E+02   4.5046672E-10   1.2615377E+04  -7.7865007E+03   7.7865007E+03
          1.8800000E+02    0.0000000E+00   0.0000000E+00   0.0000000E+00   1.1567433E+02   4.1566727E-10   1.3317349E+04  -7.7097463E+03   7.7097463E+03
          1.8900000E+02    0.0000000E+00   0.0000000E+00   0.0000000E+00   1.2268958E+02   4.2142959E-10   1.1014796E+04  -7.6749772E+03   7.6749772E+03
          1.9000000E+02    0.0000000E+00   0.0000000E+00   0.0000000E+00   1.5505642E+02   4.1077862E-10   2.8876079E+03  -7.7297824E+03   7.7297824E+03
          1.9100000E+02    0.0000000E+00   0.0000000E+00   0.0000000E+00   1.5031764E+02   4.2073762E-10   5.7593149E+03  -7.6843691E+03   7.6843691E+03
          1.9200000E+02    0.0000000E+00   0.0000000E+00   0.0000000E+00   1.3847797E+02   4.4548476E-10   8.4064990E+03  -7.6059637E+03   7.6059637E+03
          1.9300000E+02    0.0000000E+00   0.0000000E+00   0.0000000E+00   1.7418064E+02   3.9960488E-10   6.5923218E+02  -7.6776571E+03   7.6776571E+03
          1.9400000E+02    0.0000000E+00   0.0000000E+00   0.0000000E+00   1.7875005E+02   4.1622373E-10   1.2312917E+03  -7.6806527E+03   7.6806528E+03
          1.9500000E+02    0.0000000E+00   0.0000000E+00   0.0000000E+00   1.7428504E+02   4.2863710E-10   2.7468982E+03  -7.6356328E+03   7.6356328E+03
          1.9600000E+02    0.0000000E+00   0.0000000E+00   0.0000000E+00   1.4355045E+02   4.1608267E-10   8.2864697E+03  -7.4628525E+03   7.4628525E+03
          1.9700000E+02    0.0000000E+00   0.0000000E+00   0.0000000E+00   1.4023364E+02   4.1798644E-10   8.0534424E+03  -7.4071480E+03   7.4071480E+03
          1.9800000E+02    0.0000000E+00   0.0000000E+00   0.0000000E+00   1.3467755E+02   4.2277623E-10   8.9450625E+03  -7.3417174E+03   7.3417174E+03
          1.9900000E+02    0.0000000E+00   0.0000000E+00   0.0000000E+00   1.6925487E+02   4.3226043E-10   2.0162188E+03  -7.4064619E+03   7.4064619E+03
          2.0000000E+02    0.0000000E+00   0.0000000E+00   0.0000000E+00   1.6993803E+02   4.1198452E-10   3.1821162E+03  -7.3891497E+03   7.3891498E+03
          2.0100000E+02    0.0000000E+00   0.0000000E+00   0.0000000E+00   1.5542319E+02   4.1850359E-10   5.8752046E+03  -7.2872644E+03   7.2872644E+03
          2.0200000E+02    0.0000000E+00   0.0000000E+00   0.0000000E+00   1.4035904E+02   4.1353574E-10   8.2062070E+03  -7.1567524E+03   7.1567524E+03
          2.0300000E+02    0.0000000E+00   0.0000000E+00   0.0000000E+00   1.2600934E+02   4.1572952E-10   1.0779591E+04  -7.0616600E+03   7.0616601E+03
          2.0400000E+02    0.0000000E+00   0.0000000E+00   0.0000000E+00   1.3155349E+02   3.9381276E-10   8.8923320E+03  -7.0382275E+03   7.0382275E+03
          2.0500000E+02    0.0000000E+00   0.0000000E+00   0.0000000E+00   1.2586620E+02   4.1194453E-10   1.0198947E+04  -6.9799257E+03   6.9799257E+03
          2.0600000E+02    0.0000000E+00   0.0000000E+00   0.0000000E+00   1.3144125E+02   4.2638308E-10   8.6398047E+03  -6.9510168E+03   6.9510168E+03
          2.0700000E+02    0.0000000E+00   0.0000000E+00   0.0000000E+00   1.4435147E+02   4.1052051E-10   6.0008604E+03  -6.9478240E+03   6.9478240E+03
          2.0800000E+02    0.0000000E+00   0.0000000E+00   0.0000000E+00   1.6710451E+02   4.2009687E-10   1.6679166E+03  -6.9701041E+03   6.9701042E+03
          2.0900000E+02    0.0000000E+00   0.0000000E+00   0.0000000E+00   1.5203828E+02   4.1590007E-10   5.7490190E+03  -6.8984288E+03   6.8984288E+03
          2.1000000E+02    0.0000000E+00   0.0000000E+00   0.0000000E+00   1.4400782E+02   4.0717719E-10   6.9603335E+03  -6.8350330E+03   6.8350330E+03
          2.1100000E+02    0.0000000E+00   0.0000000E+00   0.0000000E+00   1.2281126E+02   3.9853251E-10   1.1067944E+04  -6.7144043E+03   6.7144043E+03
          2.1200000E+02    0.0000000E+00   0.0000000E+00   0.0000000E+00   1.1177241E+02   4.1244861E-10   1.3248409E+04  -6.6229056E+03   6.6229056E+03
          2.1300000E+02    0.0000000E+00   0.0000000E+00   0.0000000E+00   1.1199959E+02   4.2592855E-10   1.2586957E+04  -6.5960705E+03   6.5960705E+03
          2.1400000E+02    0.0000000E+00   0.0000000E+00   0.0000000E+00   1.4560628E+02   4.4049571E-10   3.4095376E+03  -6.6032245E+03   6.6032245E+03
          2.1500000E+02    0.0000000E+00   0.0000000E+00   0.0000000E+00   1.5772483E+02   4.2399450E-10   2.5757305E+03  -6.5947109E+03   6.5947109E+03
          2.1600000E+02    0.0000000E+00   0.0000000E+00   0.0000000E+00   1.4288739E+02   4.2623829E-10   6.8271816E+03  -6.5069653E+03   6.5069653E+03
          2.1700000E+02    0.0000000E+00   0.0000000E+00   0.0000000E+00   1.0968207E+02   4.3338986E-10   1.4129732E+04  -6.3728428E+03   6.3728428E+03
          2.1800000E+02    0.0000000E+00   0.0000000E+00   0.0000000E+00   9.8276166E+01   4.3678722E-10   1.6674746E+04  -6.3092289E+03   6.3092289E+03
          2.1900000E+02    0.0000000E+00   0.0000000E+00   0.0000000E+00   9.8567282E+01   4.3600113E-10   1.5760323E+04  -6.2792439E+03   6.2792439E+03
          2.2000000E+02    0.0000000E+00   0.0000000E+00   0.0000000E+00   9.2235860E+01   4.2004294E-10   1.7927934E+04  -6.2068781E+03   6.2068781E+03
          2.2100000E+02    0.0000000E+00   0.0000000E+00   0.0000000E+00   8.7711966E+01   4.2619269E-10   1.9265125E+04  -6.1464926E+03   6.1464926E+03
          2.2200000E+02    0.0000000E+00   0.0000000E+00   0.0000000E+00   1.2686260E+02   4.1710495E-10   2.9488186E+03  -7.5574472E+03   7.5574472E+03
          2.2300000E+02    0.0000000E+00   0.0000000E+00   0.0000000E+00   1.4251920E+02   4.1444816E-10   1.3422031E+03  -6.1465341E+03   6.1465341E+03
          2.2400000E+02    0.0000000E+00   0.0000000E+00   0.0000000E+00   1.4479112E+02   4.1738648E-10   2.3734041E+03  -6.1547728E+03   6.1547728E+03
          2.2500000E+02    0.0000000E+00   0.0000000E+00   0.0000000E+00   1.1293285E+02   4.0234308E-10   1.2194124E+04  -6.0508326E+03   6.0508326E+03
          2.2600000E+02    0.0000000E+00   0.0000000E+00   0.0000000E+00   1.0626108E+02   4.1868886E-10   1.3115825E+04  -6.0166483E+03   6.0166483E+03
          2.2700000E+02    0.0000000E+00   0.0000000E+00   0.0000000E+00   1.0865407E+02   4.1629593E-10   1.1899823E+04  -5.9931933E+03   5.9931933E+03
          2.2800000E+02    0.0000000E+00   0.0000000E+00   0.0000000E+00   8.9028052E+01   3.8825781E-10   1.8659867E+04  -5.9065674E+03   5.9065674E+03
          2.2900000E+02    0.0000000E+00   0.0000000E+00   0.0000000E+00   8.5970234E+01   4.0358055E-10   1.8902156E+04  -5.8632290E+03   5.8632290E+03
          2.3000000E+02    0.0000000E+00   0.0000000E+00   0.0000000E+00   1.0993417E+02   4.0973116E-10   8.2377695E+03  -5.8304122E+03   5.8304122E+03
          2.3100000E+02    0.0000000E+00   0.0000000E+00   0.0000000E+00   1.3211770E+02   4.2052684E-10   2.5907781E+03  -5.8213481E+03   5.8213481E+03
          2.3200000E+02    0.0000000E+00   0.0000000E+00   0.0000000E+00   1.3641089E+02   3.9546912E-10   3.4222725E+03  -5.8273948E+03   5.8273948E+03
          2.3300000E+02    0.0000000E+00   0.0000000E+00   0.0000000E+00   1.3537946E+02   4.1505464E-10   4.5447993E+03  -5.8042052E+03   5.8042052E+03
          2.3400000E+02    0.0000000E+00   0.0000000E+00   0.0000000E+00   9.4118531E+01   4.0822967E-10   1.6889855E+04  -5.6549046E+03   5.6549046E+03
          2.3500000E+02    0.0000000E+00   0.0000000E+00   0.0000000E+00   8.1924715E+01   4.2835622E-10   2.0505197E+04  -5.6060038E+03   5.6060038E+03
          2.3600000E+02    0.0000000E+00   0.0000000E+00   0.0000000E+00   7.7471132E+01   4.2454740E-10   2.1636791E+04  -5.5770129E+03   5.5770129E+03
          2.3700000E+02    0.0000000E+00   0.0000000E+00   0.0000000E+00   7.3550366E+01   4.1559645E-10   2.2881395E+04  -5.5437106E+03   5.5437106E+03
          2.3800000E+02    0.0000000E+00   0.0000000E+00   0.0000000E+00   7.7319223E+01   4.2058086E-10   1.9962297E+04  -5.5152444E+03   5.5152444E+03
          2.3900000E+02    0.0000000E+00   0.0000000E+00   0.0000000E+00   9.0345675E+01   4.3037940E-10   1.2946426E+04  -5.4859958E+03   5.4859958E+03
          2.4000000E+02    0.0000000E+00   0.0000000E+00   0.0000000E+00   9.1125207E+01   4.3106597E-10   1.3483900E+04  -5.4486505E+03   5.4486505E+03
          2.4100000E+02    0.0000000E+00   0.0000000E+00   0.0000000E+00   8.5354210E+01   3.9043640E-10   1.6197202E+04  -5.3670640E+03   5.3670640E+03
          2.4200000E+02    0.0000000E+00   0.0000000E+00   0.0000000E+00   9.2020849E+01   4.2349729E-10   1.2843542E+04  -5.3232069E+03   5.3232069E+03
          2.4300000E+02    0.0000000E+00   0.0000000E+00   0.0000000E+00   1.1374525E+02   4.2462593E-10   3.3803667E+03  -5.3169990E+03   5.3169990E+03
          2.4400000E+02    0.0000000E+00   0.0000000E+00   0.0000000E+00   9.2631859E+01   4.1690162E-10   1.3865208E+04  -5.2697450E+03   5.2697451E+03
